生成启动时间为 2019/1/3 11:16:30。
     1>项目“F:\182056241王浪平\182056241王浪平\182056241王浪平.vcxproj”在节点 2 上(build 个目标)。
     1>InitializeBuildStatus:
         正在创建“Debug\182056241王浪平.unsuccessfulbuild”，因为已指定“AlwaysCreate”。
       ClCompile:
         D:\BaiduNetdiskDownload\VC\bin\CL.exe /c /ZI /nologo /W3 /WX- /Od /Oy- /D WIN32 /D _DEBUG /D _CONSOLE /D _UNICODE /D UNICODE /Gm /EHsc /RTC1 /MDd /GS /fp:precise /Zc:wchar_t /Zc:forScope /Fo"Debug\\" /Fd"Debug\vc100.pdb" /Gd /TP /analyze- /errorReport:prompt "182056241王浪平.cpp"
         182056241王浪平.cpp
     1>f:\182056241王浪平\182056241王浪平\182056241王浪平.cpp(126): warning C4101: “S”: 未引用的局部变量
     1>f:\182056241王浪平\182056241王浪平\182056241王浪平.cpp(65): warning C4700: 使用了未初始化的局部变量“S”
     1>f:\182056241王浪平\182056241王浪平\182056241王浪平.cpp(114): warning C4700: 使用了未初始化的局部变量“S”
       ManifestResourceCompile:
         所有输出均为最新。
       Link:
         D:\BaiduNetdiskDownload\VC\bin\link.exe /ERRORREPORT:PROMPT /OUT:"F:\182056241王浪平\Debug\182056241王浪平.exe" /INCREMENTAL /NOLOGO kernel32.lib user32.lib gdi32.lib winspool.lib comdlg32.lib advapi32.lib shell32.lib ole32.lib oleaut32.lib uuid.lib odbc32.lib odbccp32.lib /MANIFEST /ManifestFile:"Debug\182056241王浪平.exe.intermediate.manifest" /MANIFESTUAC:"level='asInvoker' uiAccess='false'" /DEBUG /PDB:"F:\182056241王浪平\Debug\182056241王浪平.pdb" /SUBSYSTEM:CONSOLE /TLBID:1 /DYNAMICBASE /NXCOMPAT /IMPLIB:"F:\182056241王浪平\Debug\182056241王浪平.lib" /MACHINE:X86 "Debug\182056241王浪平.exe.embed.manifest.res"
         "Debug\182056241王浪平.obj"
       Manifest:
         c:\Program Files (x86)\Microsoft SDKs\Windows\v7.0A\bin\mt.exe /nologo /verbose /out:"Debug\182056241王浪平.exe.embed.manifest" /manifest "Debug\182056241王浪平.exe.intermediate.manifest"
         所有输出均为最新。
       LinkEmbedManifest:
         所有输出均为最新。
         182056241王浪平.vcxproj -> F:\182056241王浪平\Debug\182056241王浪平.exe
       FinalizeBuildStatus:
         正在删除文件“Debug\182056241王浪平.unsuccessfulbuild”。
         正在对“Debug\182056241王浪平.lastbuildstate”执行 Touch 任务。
     1>已完成生成项目“F:\182056241王浪平\182056241王浪平\182056241王浪平.vcxproj”(build 个目标)的操作。

生成成功。

已用时间 00:00:02.20
