F:\DATA STRUCTURE\大二第一学期数据结构课设\DEBUG\大二第一学期数据结构课设.EXE
F:\DATA STRUCTURE\大二第一学期数据结构课设\DEBUG\大二第一学期数据结构课设.ILK
F:\DATA STRUCTURE\大二第一学期数据结构课设\DEBUG\大二第一学期数据结构课设.PDB
F:\Data structure\大二第一学期数据结构课设\大二第一学期数据结构课设\Debug\cl.command.1.tlog
F:\Data structure\大二第一学期数据结构课设\大二第一学期数据结构课设\Debug\CL.read.1.tlog
F:\Data structure\大二第一学期数据结构课设\大二第一学期数据结构课设\Debug\CL.write.1.tlog
F:\Data structure\大二第一学期数据结构课设\大二第一学期数据结构课设\Debug\link.7588.read.1.tlog
F:\Data structure\大二第一学期数据结构课设\大二第一学期数据结构课设\Debug\link.7588.write.1.tlog
F:\Data structure\大二第一学期数据结构课设\大二第一学期数据结构课设\Debug\link.7588-cvtres.read.1.tlog
F:\Data structure\大二第一学期数据结构课设\大二第一学期数据结构课设\Debug\link.7588-cvtres.write.1.tlog
F:\Data structure\大二第一学期数据结构课设\大二第一学期数据结构课设\Debug\link.command.1.tlog
F:\Data structure\大二第一学期数据结构课设\大二第一学期数据结构课设\Debug\link.read.1.tlog
F:\Data structure\大二第一学期数据结构课设\大二第一学期数据结构课设\Debug\link.write.1.tlog
F:\Data structure\大二第一学期数据结构课设\大二第一学期数据结构课设\Debug\link-cvtres.read.1.tlog
F:\Data structure\大二第一学期数据结构课设\大二第一学期数据结构课设\Debug\link-cvtres.write.1.tlog
F:\DATA STRUCTURE\大二第一学期数据结构课设\大二第一学期数据结构课设\DEBUG\MAIN.OBJ
F:\Data structure\大二第一学期数据结构课设\大二第一学期数据结构课设\Debug\mt.command.1.tlog
F:\Data structure\大二第一学期数据结构课设\大二第一学期数据结构课设\Debug\mt.read.1.tlog
F:\Data structure\大二第一学期数据结构课设\大二第一学期数据结构课设\Debug\mt.write.1.tlog
F:\Data structure\大二第一学期数据结构课设\大二第一学期数据结构课设\Debug\rc.command.1.tlog
F:\Data structure\大二第一学期数据结构课设\大二第一学期数据结构课设\Debug\rc.read.1.tlog
F:\Data structure\大二第一学期数据结构课设\大二第一学期数据结构课设\Debug\rc.write.1.tlog
F:\DATA STRUCTURE\大二第一学期数据结构课设\大二第一学期数据结构课设\DEBUG\TEST_MANAGER.OBJ
F:\Data structure\大二第一学期数据结构课设\大二第一学期数据结构课设\Debug\vc100.idb
F:\DATA STRUCTURE\大二第一学期数据结构课设\大二第一学期数据结构课设\DEBUG\VC100.PDB
F:\DATA STRUCTURE\大二第一学期数据结构课设\大二第一学期数据结构课设\DEBUG\大二第一学期数据结构课设.EXE.EMBED.MANIFEST
F:\DATA STRUCTURE\大二第一学期数据结构课设\大二第一学期数据结构课设\DEBUG\大二第一学期数据结构课设.EXE.EMBED.MANIFEST.RES
F:\DATA STRUCTURE\大二第一学期数据结构课设\大二第一学期数据结构课设\DEBUG\大二第一学期数据结构课设.EXE.INTERMEDIATE.MANIFEST
F:\Data structure\大二第一学期数据结构课设\大二第一学期数据结构课设\Debug\大二第一学期数据结构课设_manifest.rc
