生成启动时间为 2019/12/22 15:24:06。
     1>项目“F:\C++\C++工程\课程设计\课程设计\课程设计.vcxproj”在节点 2 上(build 个目标)。
     1>InitializeBuildStatus:
         正在创建“Debug\课程设计.unsuccessfulbuild”，因为已指定“AlwaysCreate”。
       ClCompile:
         C:\Program Files (x86)\Microsoft Visual Studio 10.0\VC\bin\CL.exe /c /ZI /nologo /W3 /WX- /Od /Oy- /D WIN32 /D _DEBUG /D _CONSOLE /D _UNICODE /D UNICODE /Gm /EHsc /RTC1 /MDd /GS /fp:precise /Zc:wchar_t /Zc:forScope /Yc"StdAfx.h" /Fp"Debug\课程设计.pch" /Fo"Debug\\" /Fd"Debug\vc100.pdb" /Gd /TP /analyze- /errorReport:prompt stdafx.cpp
         stdafx.cpp
         C:\Program Files (x86)\Microsoft Visual Studio 10.0\VC\bin\CL.exe /c /ZI /nologo /W3 /WX- /Od /Oy- /D WIN32 /D _DEBUG /D _CONSOLE /D _UNICODE /D UNICODE /Gm /EHsc /RTC1 /MDd /GS /fp:precise /Zc:wchar_t /Zc:forScope /Yu"StdAfx.h" /Fp"Debug\课程设计.pch" /Fo"Debug\\" /Fd"Debug\vc100.pdb" /Gd /TP /analyze- /errorReport:prompt Laboratory.cpp People.cpp Politics.cpp TeaPoli.cpp Teacher.cpp "课程设计.cpp"
         TeaPoli.cpp
         正在生成代码...
         正在跳过...(未检测到相关更改)
         课程设计.cpp
         Teacher.cpp
         Politics.cpp
         People.cpp
         Laboratory.cpp
       ManifestResourceCompile:
         所有输出均为最新。
       Link:
         C:\Program Files (x86)\Microsoft Visual Studio 10.0\VC\bin\link.exe /ERRORREPORT:PROMPT /OUT:"F:\C++\C++工程\课程设计\Debug\课程设计.exe" /INCREMENTAL /NOLOGO kernel32.lib user32.lib gdi32.lib winspool.lib comdlg32.lib advapi32.lib shell32.lib ole32.lib oleaut32.lib uuid.lib odbc32.lib odbccp32.lib /MANIFEST /ManifestFile:"Debug\课程设计.exe.intermediate.manifest" /MANIFESTUAC:"level='asInvoker' uiAccess='false'" /DEBUG /PDB:"F:\C++\C++工程\课程设计\Debug\课程设计.pdb" /SUBSYSTEM:CONSOLE /TLBID:1 /DYNAMICBASE /NXCOMPAT /IMPLIB:"F:\C++\C++工程\课程设计\Debug\课程设计.lib" /MACHINE:X86 "Debug\课程设计.exe.embed.manifest.res"
         Debug\Laboratory.obj
         Debug\People.obj
         Debug\Politics.obj
         Debug\stdafx.obj
         Debug\Teacher.obj
         Debug\TeaPoli.obj
         "Debug\课程设计.obj"
       Manifest:
         C:\Program Files (x86)\Microsoft SDKs\Windows\v7.0A\bin\mt.exe /nologo /verbose /out:"Debug\课程设计.exe.embed.manifest" /manifest "Debug\课程设计.exe.intermediate.manifest"
         所有输出均为最新。
       LinkEmbedManifest:
         所有输出均为最新。
         课程设计.vcxproj -> F:\C++\C++工程\课程设计\Debug\课程设计.exe
       FinalizeBuildStatus:
         正在删除文件“Debug\课程设计.unsuccessfulbuild”。
         正在对“Debug\课程设计.lastbuildstate”执行 Touch 任务。
     1>已完成生成项目“F:\C++\C++工程\课程设计\课程设计\课程设计.vcxproj”(build 个目标)的操作。

生成成功。

已用时间 00:00:03.37
